<?xml version="1.0" encoding="UTF-8"?>
<testng-results skipped="0" failed="0" ignored="0" total="1" passed="1">
  <reporter-output>
  </reporter-output>
  <suite name="Default suite" duration-ms="6964" started-at="2020-01-05T08:32:19 GMT" finished-at="2020-01-05T08:32:26 GMT">
    <groups>
    </groups>
    <test name="Default test" duration-ms="6964" started-at="2020-01-05T08:32:19 GMT" finished-at="2020-01-05T08:32:26 GMT">
      <class name="day1.FirstScript">
        <test-method status="PASS" signature="testcase1()[pri:0, instance:day1.FirstScript@731a74c]" name="testcase1" duration-ms="6919" started-at="2020-01-05T08:32:19 GMT" finished-at="2020-01-05T08:32:26 GMT">
          <reporter-output>
          </reporter-output>
        </test-method> <!-- testcase1 -->
      </class> <!-- day1.FirstScript -->
    </test> <!-- Default test -->
  </suite> <!-- Default suite -->
</testng-results>
